<?xml version="1.0" encoding="UTF-8"?>
<!-- Generated by org.testng.reporters.JUnitReportReporter -->
<testsuite skipped="0" hostname="Acer-PC" name="seleniumDemo.Example" tests="1" failures="0" timestamp="03 Aug 2022 03:34:19 GMT" time="20.134" errors="0">
  <testcase name="startBrowser" time="20.134" classname="seleniumDemo.Example"/>
</testsuite> <!-- seleniumDemo.Example -->
